<?xml version="1.0" encoding="UTF-8"?>
<!-- Generated by org.testng.reporters.JUnitReportReporter -->
<testsuite skipped="0" hostname="LAPTOP-9OMU804E" name="allureReports.Test_01" tests="3" failures="0" timestamp="05 Apr 2020 12:45:16 GMT" time="2.731" errors="0">
  <testcase name="checkIfLogoPresent" time="0.396" classname="allureReports.Test_01"/>
  <testcase name="logInTest" time="2.328" classname="allureReports.Test_01"/>
  <testcase name="registrationTest" time="0.007" classname="allureReports.Test_01"/>
</testsuite> <!-- allureReports.Test_01 -->
